[01m[K/home/job/gnc/drone-swarm/catkin_ws/src/formation_control/src/frame.cpp:[m[K In member function ‘[01m[Kstd::vector<Frame::point> Frame::randomizeStartPositions(float)[m[K’:
[01m[K/home/job/gnc/drone-swarm/catkin_ws/src/formation_control/src/frame.cpp:511:59:[m[K [01;31m[Kerror: [m[Kinvalid operands of types ‘[01m[Kint[m[K’ and ‘[01m[Kfloat[m[K’ to binary ‘[01m[Koperator%[m[K’
   float rand_num_ = (rand() % (max_number + 1 - min_number) + min_number);
[01;32m[K                                                           ^[m[K
[01m[K/home/job/gnc/drone-swarm/catkin_ws/src/formation_control/src/frame.cpp:514:60:[m[K [01;31m[Kerror: [m[Kinvalid operands of types ‘[01m[Kint[m[K’ and ‘[01m[Kfloat[m[K’ to binary ‘[01m[Koperator%[m[K’
   float rand_num__ = (rand() % (max_number + 1 - min_number) + min_number);
[01;32m[K                                                            ^[m[K
[01m[K/home/job/gnc/drone-swarm/catkin_ws/src/formation_control/src/frame.cpp:[m[K In member function ‘[01m[Kstd::vector<Frame::point> Frame::randomizeStartPositions(float)[m[K’:
[01m[K/home/job/gnc/drone-swarm/catkin_ws/src/formation_control/src/frame.cpp:511:59:[m[K [01;31m[Kerror: [m[Kinvalid operands of types ‘[01m[Kint[m[K’ and ‘[01m[Kfloat[m[K’ to binary ‘[01m[Koperator%[m[K’
   float rand_num_ = (rand() % (max_number + 1 - min_number) + min_number);
[01;32m[K                                                           ^[m[K
[01m[K/home/job/gnc/drone-swarm/catkin_ws/src/formation_control/src/frame.cpp:514:60:[m[K [01;31m[Kerror: [m[Kinvalid operands of types ‘[01m[Kint[m[K’ and ‘[01m[Kfloat[m[K’ to binary ‘[01m[Koperator%[m[K’
   float rand_num__ = (rand() % (max_number + 1 - min_number) + min_number);
[01;32m[K                                                            ^[m[K
make[2]: *** [CMakeFiles/formation_control.dir/src/frame.cpp.o] Error 1
make[1]: *** [CMakeFiles/formation_control.dir/all] Error 2
make[1]: *** Waiting for unfinished jobs....
make[2]: *** [CMakeFiles/execute.dir/src/frame.cpp.o] Error 1
make[1]: *** [CMakeFiles/execute.dir/all] Error 2
make: *** [all] Error 2
