[01m[K/home/job/gnc/drone-swarm/catkin_ws/src/supervisor/src/Model/supervisor.cpp:[m[K In function ‘[01m[Kint main(int, char**)[m[K’:
[01m[K/home/job/gnc/drone-swarm/catkin_ws/src/supervisor/src/Model/supervisor.cpp:50:6:[m[K [01;31m[Kerror: [m[K‘[01m[Kstatic void Supervisor::servicePyCopterCallback(formation_control::Formation::Request&, formation_control::Formation::Response&)[m[K’ is private
 void Supervisor::servicePyCopterCallback(formation_control::Formation::Request  &req, formation_control::Formation::Response &res)
[01;32m[K      ^[m[K
[01m[K/home/job/gnc/drone-swarm/catkin_ws/src/supervisor/src/Model/supervisor.cpp:140:95:[m[K [01;31m[Kerror: [m[Kwithin this context
  ros::ServiceServer pycopter_service = n.advertiseService("supervisor/pycopter", &Supervisor::servicePyCopterCallback, &sup);
[01;32m[K                                                                                               ^[m[K
[01m[K/home/job/gnc/drone-swarm/catkin_ws/src/supervisor/src/Model/supervisor.cpp:140:124:[m[K [01;31m[Kerror: [m[Kno matching function for call to ‘[01m[Kros::NodeHandle::advertiseService(const char [20], void (*)(formation_control::Formation::Request&, formation_control::Formation::Response&), Supervisor*)[m[K’
  ros::ServiceServer pycopter_service = n.advertiseService("supervisor/pycopter", &Supervisor::servicePyCopterCallback, &sup);
[01;32m[K                                                                                                                            ^[m[K
In file included from [01m[K/opt/ros/kinetic/include/ros/ros.h:45:0[m[K,
                 from [01m[K/home/job/gnc/drone-swarm/catkin_ws/src/supervisor/include/supervisor/Model/supervisor.hpp:1[m[K,
                 from [01m[K/home/job/gnc/drone-swarm/catkin_ws/src/supervisor/src/Model/supervisor.cpp:1[m[K:
[01m[K/opt/ros/kinetic/include/ros/node_handle.h:879:17:[m[K [01;36m[Knote: [m[Kcandidate: template<class T, class MReq, class MRes> ros::ServiceServer ros::NodeHandle::advertiseService(const string&, bool (T::*)(MReq&, MRes&), T*)
   ServiceServer advertiseService(const std::string& service, bool(T::*srv_func)(MReq &, MRes &), T *obj)
[01;32m[K                 ^[m[K
[01m[K/opt/ros/kinetic/include/ros/node_handle.h:879:17:[m[K [01;36m[Knote: [m[K  template argument deduction/substitution failed:
[01m[K/home/job/gnc/drone-swarm/catkin_ws/src/supervisor/src/Model/supervisor.cpp:140:124:[m[K [01;36m[Knote: [m[K  mismatched types ‘[01m[Kbool (T::*)(MReq&, MRes&)[m[K’ and ‘[01m[Kvoid (*)(formation_control::Formation::Request&, formation_control::Formation::Response&) {aka void (*)(formation_control::FormationRequest_<std::allocator<void> >&, formation_control::FormationResponse_<std::allocator<void> >&)}[m[K’
  ros::ServiceServer pycopter_service = n.advertiseService("supervisor/pycopter", &Supervisor::servicePyCopterCallback, &sup);
[01;32m[K                                                                                                                            ^[m[K
In file included from [01m[K/opt/ros/kinetic/include/ros/ros.h:45:0[m[K,
                 from [01m[K/home/job/gnc/drone-swarm/catkin_ws/src/supervisor/include/supervisor/Model/supervisor.hpp:1[m[K,
                 from [01m[K/home/job/gnc/drone-swarm/catkin_ws/src/supervisor/src/Model/supervisor.cpp:1[m[K:
[01m[K/opt/ros/kinetic/include/ros/node_handle.h:924:17:[m[K [01;36m[Knote: [m[Kcandidate: template<class T, class MReq, class MRes> ros::ServiceServer ros::NodeHandle::advertiseService(const string&, bool (T::*)(ros::ServiceEvent<MReq, MRes>&), T*)
   ServiceServer advertiseService(const std::string& service, bool(T::*srv_func)(ServiceEvent<MReq, MRes>&), T *obj)
[01;32m[K                 ^[m[K
[01m[K/opt/ros/kinetic/include/ros/node_handle.h:924:17:[m[K [01;36m[Knote: [m[K  template argument deduction/substitution failed:
[01m[K/home/job/gnc/drone-swarm/catkin_ws/src/supervisor/src/Model/supervisor.cpp:140:124:[m[K [01;36m[Knote: [m[K  mismatched types ‘[01m[Kbool (T::*)(ros::ServiceEvent<MReq, MRes>&)[m[K’ and ‘[01m[Kvoid (*)(formation_control::Formation::Request&, formation_control::Formation::Response&) {aka void (*)(formation_control::FormationRequest_<std::allocator<void> >&, formation_control::FormationResponse_<std::allocator<void> >&)}[m[K’
  ros::ServiceServer pycopter_service = n.advertiseService("supervisor/pycopter", &Supervisor::servicePyCopterCallback, &sup);
[01;32m[K                                                                                                                            ^[m[K
In file included from [01m[K/opt/ros/kinetic/include/ros/ros.h:45:0[m[K,
                 from [01m[K/home/job/gnc/drone-swarm/catkin_ws/src/supervisor/include/supervisor/Model/supervisor.hpp:1[m[K,
                 from [01m[K/home/job/gnc/drone-swarm/catkin_ws/src/supervisor/src/Model/supervisor.cpp:1[m[K:
[01m[K/opt/ros/kinetic/include/ros/node_handle.h:970:17:[m[K [01;36m[Knote: [m[Kcandidate: template<class T, class MReq, class MRes> ros::ServiceServer ros::NodeHandle::advertiseService(const string&, bool (T::*)(MReq&, MRes&), const boost::shared_ptr<X>&)
   ServiceServer advertiseService(const std::string& service, bool(T::*srv_func)(MReq &, MRes &), const boost::shared_ptr<T>& obj)
[01;32m[K                 ^[m[K
[01m[K/opt/ros/kinetic/include/ros/node_handle.h:970:17:[m[K [01;36m[Knote: [m[K  template argument deduction/substitution failed:
[01m[K/home/job/gnc/drone-swarm/catkin_ws/src/supervisor/src/Model/supervisor.cpp:140:124:[m[K [01;36m[Knote: [m[K  mismatched types ‘[01m[Kbool (T::*)(MReq&, MRes&)[m[K’ and ‘[01m[Kvoid (*)(formation_control::Formation::Request&, formation_control::Formation::Response&) {aka void (*)(formation_control::FormationRequest_<std::allocator<void> >&, formation_control::FormationResponse_<std::allocator<void> >&)}[m[K’
  ros::ServiceServer pycopter_service = n.advertiseService("supervisor/pycopter", &Supervisor::servicePyCopterCallback, &sup);
[01;32m[K                                                                                                                            ^[m[K
In file included from [01m[K/opt/ros/kinetic/include/ros/ros.h:45:0[m[K,
                 from [01m[K/home/job/gnc/drone-swarm/catkin_ws/src/supervisor/include/supervisor/Model/supervisor.hpp:1[m[K,
                 from [01m[K/home/job/gnc/drone-swarm/catkin_ws/src/supervisor/src/Model/supervisor.cpp:1[m[K:
[01m[K/opt/ros/kinetic/include/ros/node_handle.h:1017:17:[m[K [01;36m[Knote: [m[Kcandidate: template<class T, class MReq, class MRes> ros::ServiceServer ros::NodeHandle::advertiseService(const string&, bool (T::*)(ros::ServiceEvent<MReq, MRes>&), const boost::shared_ptr<X>&)
   ServiceServer advertiseService(const std::string& service, bool(T::*srv_func)(ServiceEvent<MReq, MRes>&), const boost::shared_ptr<T>& obj)
[01;32m[K                 ^[m[K
[01m[K/opt/ros/kinetic/include/ros/node_handle.h:1017:17:[m[K [01;36m[Knote: [m[K  template argument deduction/substitution failed:
[01m[K/home/job/gnc/drone-swarm/catkin_ws/src/supervisor/src/Model/supervisor.cpp:140:124:[m[K [01;36m[Knote: [m[K  mismatched types ‘[01m[Kbool (T::*)(ros::ServiceEvent<MReq, MRes>&)[m[K’ and ‘[01m[Kvoid (*)(formation_control::Formation::Request&, formation_control::Formation::Response&) {aka void (*)(formation_control::FormationRequest_<std::allocator<void> >&, formation_control::FormationResponse_<std::allocator<void> >&)}[m[K’
  ros::ServiceServer pycopter_service = n.advertiseService("supervisor/pycopter", &Supervisor::servicePyCopterCallback, &sup);
[01;32m[K                                                                                                                            ^[m[K
In file included from [01m[K/opt/ros/kinetic/include/ros/ros.h:45:0[m[K,
                 from [01m[K/home/job/gnc/drone-swarm/catkin_ws/src/supervisor/include/supervisor/Model/supervisor.hpp:1[m[K,
                 from [01m[K/home/job/gnc/drone-swarm/catkin_ws/src/supervisor/src/Model/supervisor.cpp:1[m[K:
[01m[K/opt/ros/kinetic/include/ros/node_handle.h:1061:17:[m[K [01;36m[Knote: [m[Kcandidate: template<class MReq, class MRes> ros::ServiceServer ros::NodeHandle::advertiseService(const string&, bool (*)(MReq&, MRes&))
   ServiceServer advertiseService(const std::string& service, bool(*srv_func)(MReq&, MRes&))
[01;32m[K                 ^[m[K
[01m[K/opt/ros/kinetic/include/ros/node_handle.h:1061:17:[m[K [01;36m[Knote: [m[K  template argument deduction/substitution failed:
[01m[K/home/job/gnc/drone-swarm/catkin_ws/src/supervisor/src/Model/supervisor.cpp:140:124:[m[K [01;36m[Knote: [m[K  mismatched types ‘[01m[Kbool[m[K’ and ‘[01m[Kvoid[m[K’
  ros::ServiceServer pycopter_service = n.advertiseService("supervisor/pycopter", &Supervisor::servicePyCopterCallback, &sup);
[01;32m[K                                                                                                                            ^[m[K
In file included from [01m[K/opt/ros/kinetic/include/ros/ros.h:45:0[m[K,
                 from [01m[K/home/job/gnc/drone-swarm/catkin_ws/src/supervisor/include/supervisor/Model/supervisor.hpp:1[m[K,
                 from [01m[K/home/job/gnc/drone-swarm/catkin_ws/src/supervisor/src/Model/supervisor.cpp:1[m[K:
[01m[K/opt/ros/kinetic/include/ros/node_handle.h:1104:17:[m[K [01;36m[Knote: [m[Kcandidate: template<class MReq, class MRes> ros::ServiceServer ros::NodeHandle::advertiseService(const string&, bool (*)(ros::ServiceEvent<MReq, MRes>&))
   ServiceServer advertiseService(const std::string& service, bool(*srv_func)(ServiceEvent<MReq, MRes>&))
[01;32m[K                 ^[m[K
[01m[K/opt/ros/kinetic/include/ros/node_handle.h:1104:17:[m[K [01;36m[Knote: [m[K  template argument deduction/substitution failed:
[01m[K/home/job/gnc/drone-swarm/catkin_ws/src/supervisor/src/Model/supervisor.cpp:140:124:[m[K [01;36m[Knote: [m[K  mismatched types ‘[01m[Kbool[m[K’ and ‘[01m[Kvoid[m[K’
  ros::ServiceServer pycopter_service = n.advertiseService("supervisor/pycopter", &Supervisor::servicePyCopterCallback, &sup);
[01;32m[K                                                                                                                            ^[m[K
In file included from [01m[K/opt/ros/kinetic/include/ros/ros.h:45:0[m[K,
                 from [01m[K/home/job/gnc/drone-swarm/catkin_ws/src/supervisor/include/supervisor/Model/supervisor.hpp:1[m[K,
                 from [01m[K/home/job/gnc/drone-swarm/catkin_ws/src/supervisor/src/Model/supervisor.cpp:1[m[K:
[01m[K/opt/ros/kinetic/include/ros/node_handle.h:1145:17:[m[K [01;36m[Knote: [m[Kcandidate: template<class MReq, class MRes> ros::ServiceServer ros::NodeHandle::advertiseService(const string&, const boost::function<bool(MReq&, MRes&)>&, const VoidConstPtr&)
   ServiceServer advertiseService(const std::string& service, const boost::function<bool(MReq&, MRes&)>& callback, 
[01;32m[K                 ^[m[K
[01m[K/opt/ros/kinetic/include/ros/node_handle.h:1145:17:[m[K [01;36m[Knote: [m[K  template argument deduction/substitution failed:
[01m[K/home/job/gnc/drone-swarm/catkin_ws/src/supervisor/src/Model/supervisor.cpp:140:124:[m[K [01;36m[Knote: [m[K  mismatched types ‘[01m[Kconst boost::function<bool(MReq&, MRes&)>[m[K’ and ‘[01m[Kvoid (*)(formation_control::Formation::Request&, formation_control::Formation::Response&) {aka void (*)(formation_control::FormationRequest_<std::allocator<void> >&, formation_control::FormationResponse_<std::allocator<void> >&)}[m[K’
  ros::ServiceServer pycopter_service = n.advertiseService("supervisor/pycopter", &Supervisor::servicePyCopterCallback, &sup);
[01;32m[K                                                                                                                            ^[m[K
In file included from [01m[K/opt/ros/kinetic/include/ros/ros.h:45:0[m[K,
                 from [01m[K/home/job/gnc/drone-swarm/catkin_ws/src/supervisor/include/supervisor/Model/supervisor.hpp:1[m[K,
                 from [01m[K/home/job/gnc/drone-swarm/catkin_ws/src/supervisor/src/Model/supervisor.cpp:1[m[K:
[01m[K/opt/ros/kinetic/include/ros/node_handle.h:1190:17:[m[K [01;36m[Knote: [m[Kcandidate: template<class S> ros::ServiceServer ros::NodeHandle::advertiseService(const string&, const boost::function<bool(S&)>&, const VoidConstPtr&)
   ServiceServer advertiseService(const std::string& service, const boost::function<bool(S&)>& callback, 
[01;32m[K                 ^[m[K
[01m[K/opt/ros/kinetic/include/ros/node_handle.h:1190:17:[m[K [01;36m[Knote: [m[K  template argument deduction/substitution failed:
[01m[K/home/job/gnc/drone-swarm/catkin_ws/src/supervisor/src/Model/supervisor.cpp:140:124:[m[K [01;36m[Knote: [m[K  mismatched types ‘[01m[Kconst boost::function<bool(S&)>[m[K’ and ‘[01m[Kvoid (*)(formation_control::Formation::Request&, formation_control::Formation::Response&) {aka void (*)(formation_control::FormationRequest_<std::allocator<void> >&, formation_control::FormationResponse_<std::allocator<void> >&)}[m[K’
  ros::ServiceServer pycopter_service = n.advertiseService("supervisor/pycopter", &Supervisor::servicePyCopterCallback, &sup);
[01;32m[K                                                                                                                            ^[m[K
In file included from [01m[K/opt/ros/kinetic/include/ros/ros.h:45:0[m[K,
                 from [01m[K/home/job/gnc/drone-swarm/catkin_ws/src/supervisor/include/supervisor/Model/supervisor.hpp:1[m[K,
                 from [01m[K/home/job/gnc/drone-swarm/catkin_ws/src/supervisor/src/Model/supervisor.cpp:1[m[K:
[01m[K/opt/ros/kinetic/include/ros/node_handle.h:1222:17:[m[K [01;36m[Knote: [m[Kcandidate: ros::ServiceServer ros::NodeHandle::advertiseService(ros::AdvertiseServiceOptions&)
   ServiceServer advertiseService(AdvertiseServiceOptions& ops);
[01;32m[K                 ^[m[K
[01m[K/opt/ros/kinetic/include/ros/node_handle.h:1222:17:[m[K [01;36m[Knote: [m[K  candidate expects 1 argument, 3 provided
make[2]: *** [CMakeFiles/supervisor_main.dir/src/Model/supervisor.cpp.o] Error 1
make[1]: *** [CMakeFiles/supervisor_main.dir/all] Error 2
make: *** [all] Error 2
