[33m[1mCMake Warning[0m at /opt/ros/kinetic/share/catkin/cmake/catkinConfig.cmake:76 (find_package):
  Could not find a package configuration file provided by "qt_build" with any
  of the following names:

    qt_buildConfig.cmake
    qt_build-config.cmake

  Add the installation prefix of "qt_build" to CMAKE_PREFIX_PATH or set
  "qt_build_DIR" to a directory containing one of the above files.  If
  "qt_build" provides a separate development package or SDK, be sure it has
  been installed.
[36mCall Stack (most recent call first):[0m
  CMakeLists.txt:9 (find_package)


[31m[1mCMake Error[0m at /opt/ros/kinetic/share/catkin/cmake/catkinConfig.cmake:83 (find_package):
  Could not find a package configuration file provided by "qt_build" with any
  of the following names:

    qt_buildConfig.cmake
    qt_build-config.cmake

  Add the installation prefix of "qt_build" to CMAKE_PREFIX_PATH or set
  "qt_build_DIR" to a directory containing one of the above files.  If
  "qt_build" provides a separate development package or SDK, be sure it has
  been installed.
[36mCall Stack (most recent call first):[0m
  CMakeLists.txt:9 (find_package)


make: *** [cmake_check_build_system] Error 1
